[35m[Appium][39m Welcome to Appium v2.5.4
[35m[Appium][39m Non-default server args:
[35m[Appium][39m { basePath: [32m'/wd/hub'[39m, loglevel: [32m'info'[39m, port: [33m49595[39m }
[35m[Appium][39m Attempting to load driver uiautomator2...
[Appium] Appium REST http interface listener started on http://0.0.0.0:49595/wd/hub
[Appium] You can provide the following URLs in your client code to connect to this server:
[Appium] 	http://127.0.0.1:49595/wd/hub (only accessible from the same host)
[Appium] 	http://172.16.211.227:49595/wd/hub
[Appium] Available drivers:
[Appium]   - uiautomator2@3.5.2 (automationName 'UiAutomator2')
[Appium] No plugins have been installed. Use the "appium plugin" command to install the one(s) you want to use.
[38;5;0m[HTTP][0m [37m-->[39m [37mGET[39m [37m/wd/hub/status[39m
[38;5;0m[HTTP][0m {}
[38;5;0m[HTTP][0m <-- GET /wd/hub/status 200 2 ms - 110
[38;5;0m[HTTP][0m 
[38;5;0m[HTTP][0m [37m-->[39m [37mGET[39m [37m/wd/hub/status[39m
[38;5;0m[HTTP][0m {}
[38;5;0m[HTTP][0m <-- GET /wd/hub/status 200 0 ms - 110
[38;5;0m[HTTP][0m 
[38;5;0m[HTTP][0m [37m-->[39m [37mPOST[39m [37m/wd/hub/session[39m
[38;5;0m[HTTP][0m {"desiredCapabilities":{"appium:systemPort":49612,"appium:newCommandTimeout":1800,"appium:automationName":"uiautomator2","appium:fullReset":false,"appium:platformVersion":"14","appium:noReset":true,"appium:udid":"emulator-5554","appium:autoGrantPermissions":true,"appium:platformName":"ANDROID","appium:deviceName":"emulator-5554 (sdk_gphone64_arm64 - Android 14)","platformName":"Android","appium:app":"/Users/joshuaearlsarmiento/Downloads/General-Store.apk"},"capabilities":{"firstMatch":[{"appium:app":"/Users/joshuaearlsarmiento/Downloads/General-Store.apk","appium:autoGrantPermissions":true,"appium:automationName":"uiautomator2","appium:deviceName":"emulator-5554 (sdk_gphone64_arm64 - Android 14)","appium:fullReset":false,"appium:newCommandTimeout":1800,"appium:noReset":true,"appium:platformName":"ANDROID","appium:platformVersion":"14","appium:systemPort":49612,"appium:udid":"emulator-5554","platformName":"android"}]}}
[38;5;32m[BaseDriver][0m Ignoring capability 'appium:platformName=ANDROID' and using capability 'platformName=android'
[38;5;32m[BaseDriver][0m The capabilities ["platformName"] are standard capabilities and do not require "appium:" prefix
[Appium] Attempting to find matching driver for automationName 'uiautomator2' and platformName 'android'
[Appium] The 'uiautomator2' driver was installed and matched caps.
[Appium] Will require it at /Users/joshuaearlsarmiento/.appium/node_modules/appium-uiautomator2-driver
[38;5;16m[AppiumDriver@5c4f][0m Appium v2.5.4 creating new AndroidUiautomator2Driver (v3.5.2) session
[38;5;16m[AppiumDriver@5c4f][0m Checking BaseDriver versions for Appium and AndroidUiautomator2Driver
[38;5;16m[AppiumDriver@5c4f][0m Appium's BaseDriver version is 9.6.0
[38;5;16m[AppiumDriver@5c4f][0m AndroidUiautomator2Driver's BaseDriver version is 9.6.0
[38;5;48m[AndroidUiautomator2Driver@dfeb (1201014a)][0m Session created with session id: 1201014a-1e8d-431c-97d5-e3c485abb6f4
[38;5;64m[ADB][0m Found 1 'build-tools' folders under '/Users/joshuaearlsarmiento/.katalon/tools/android_sdk' (newest first):
[38;5;64m[ADB][0m     /Users/joshuaearlsarmiento/.katalon/tools/android_sdk/build-tools/29.0.3
[38;5;64m[ADB][0m Using 'adb' from '/Users/joshuaearlsarmiento/.katalon/tools/android_sdk/platform-tools/adb'
[38;5;48m[AndroidUiautomator2Driver@dfeb (1201014a)][0m Retrieving device list
[38;5;48m[AndroidUiautomator2Driver@dfeb (1201014a)][0m Using device: emulator-5554
[38;5;64m[ADB][0m Using 'adb' from '/Users/joshuaearlsarmiento/.katalon/tools/android_sdk/platform-tools/adb'
[38;5;32m[BaseDriver][0m Using local app '/Users/joshuaearlsarmiento/Downloads/General-Store.apk'
[38;5;64m[ADB][0m Getting device platform version
[38;5;48m[AndroidUiautomator2Driver@dfeb (1201014a)][0m Relaxing hidden api policy
[38;5;64m[ADB][0m Package name: 'com.androidsample.generalstore'
[38;5;64m[ADB][0m Main activity name: 'com.androidsample.generalstore.SplashActivity'
[38;5;64m[ADB][0m Using 'apksigner.jar' from '/Users/joshuaearlsarmiento/.katalon/tools/android_sdk/build-tools/29.0.3/lib/apksigner.jar'
[38;5;48m[AndroidUiautomator2Driver@dfeb (1201014a)][0m Server packages are not going to be (re)installed
[38;5;64m[ADB][0m Adding packages ["io.appium.settings","io.appium.uiautomator2.server","io.appium.uiautomator2.server.test"] to Doze whitelist
[38;5;64m[ADB][0m '/Users/joshuaearlsarmiento/Downloads/General-Store.apk' is signed with a non-default certificate
[38;5;64m[ADB][0m The application at '/Users/joshuaearlsarmiento/Downloads/General-Store.apk' will not be cached, because the device under test has confirmed the support of streamed installs
[38;5;64m[ADB][0m The installation of 'General-Store.apk' took 334ms
[38;5;48m[AndroidUiautomator2Driver@dfeb (1201014a)][0m Starting UIAutomator2 server 7.0.9
[38;5;48m[AndroidUiautomator2Driver@dfeb (1201014a)][0m Using UIAutomator2 server from '/Users/joshuaearlsarmiento/.appium/node_modules/appium-uiautomator2-driver/node_modules/appium-uiautomator2-server/apks/appium-uiautomator2-server-v7.0.9.apk' and test from '/Users/joshuaearlsarmiento/.appium/node_modules/appium-uiautomator2-driver/node_modules/appium-uiautomator2-server/apks/appium-uiautomator2-server-debug-androidTest.apk'
[38;5;48m[AndroidUiautomator2Driver@dfeb (1201014a)][0m Waiting up to 30000ms for UiAutomator2 to be online...
[38;5;48m[AndroidUiautomator2Driver@dfeb (1201014a)][0m socket hang up
[38;5;48m[AndroidUiautomator2Driver@dfeb (1201014a)][0m socket hang up
[38;5;48m[AndroidUiautomator2Driver@dfeb (1201014a)][0m socket hang up
[38;5;48m[AndroidUiautomator2Driver@dfeb (1201014a)][0m Determined the downstream protocol as 'W3C'
[38;5;48m[AndroidUiautomator2Driver@dfeb (1201014a)][0m Screen already unlocked, doing nothing
[38;5;48m[AndroidUiautomator2Driver@dfeb (1201014a)][0m Starting 'com.androidsample.generalstore/com.androidsample.generalstore.SplashActivity and waiting for 'com.androidsample.generalstore/com.androidsample.generalstore.SplashActivity'
[38;5;16m[AppiumDriver@5c4f][0m New AndroidUiautomator2Driver session created successfully, session 1201014a-1e8d-431c-97d5-e3c485abb6f4 added to master session list
[38;5;0m[HTTP][0m <-- POST /wd/hub/session 200 6055 ms - 1237
[38;5;0m[HTTP][0m 
[38;5;0m[HTTP][0m [37m-->[39m [37mGET[39m [37m/wd/hub/session/1201014a-1e8d-431c-97d5-e3c485abb6f4[39m
[38;5;0m[HTTP][0m {}
[38;5;0m[HTTP][0m <-- GET /wd/hub/session/1201014a-1e8d-431c-97d5-e3c485abb6f4 200 5 ms - 367
[38;5;0m[HTTP][0m 
[38;5;0m[HTTP][0m [37m-->[39m [37mGET[39m [37m/wd/hub/session/1201014a-1e8d-431c-97d5-e3c485abb6f4[39m
[38;5;0m[HTTP][0m {}
[38;5;0m[HTTP][0m <-- GET /wd/hub/session/1201014a-1e8d-431c-97d5-e3c485abb6f4 200 7 ms - 367
[38;5;0m[HTTP][0m 
[38;5;0m[HTTP][0m [37m-->[39m [37mGET[39m [37m/wd/hub/status[39m
[38;5;0m[HTTP][0m {}
[38;5;0m[HTTP][0m <-- GET /wd/hub/status 200 0 ms - 110
[38;5;0m[HTTP][0m 
[38;5;0m[HTTP][0m [37m-->[39m [37mPOST[39m [37m/wd/hub/session/1201014a-1e8d-431c-97d5-e3c485abb6f4/timeouts[39m
[38;5;0m[HTTP][0m {"implicit":60000}
[38;5;0m[HTTP][0m <-- POST /wd/hub/session/1201014a-1e8d-431c-97d5-e3c485abb6f4/timeouts 200 1 ms - 14
[38;5;0m[HTTP][0m 
[38;5;0m[HTTP][0m [37m-->[39m [37mGET[39m [37m/wd/hub/session/1201014a-1e8d-431c-97d5-e3c485abb6f4/source[39m
[38;5;0m[HTTP][0m {}
[38;5;48m[AndroidUiautomator2Driver@dfeb (1201014a)][0m Driver proxy active, passing request on via HTTP proxy
[38;5;48m[AndroidUiautomator2Driver@dfeb (1201014a)][0m Replacing sessionId f3d4c676-f017-49c5-bf46-98df89af9907 with 1201014a-1e8d-431c-97d5-e3c485abb6f4
[38;5;0m[HTTP][0m <-- GET /wd/hub/session/1201014a-1e8d-431c-97d5-e3c485abb6f4/source 200 748 ms - 3747
[38;5;0m[HTTP][0m 
[38;5;0m[HTTP][0m [37m-->[39m [37mGET[39m [37m/wd/hub/session/1201014a-1e8d-431c-97d5-e3c485abb6f4/screenshot[39m
[38;5;0m[HTTP][0m {}
[38;5;0m[HTTP][0m <-- GET /wd/hub/session/1201014a-1e8d-431c-97d5-e3c485abb6f4/screenshot 200 183 ms - 77136
[38;5;0m[HTTP][0m 
[38;5;0m[HTTP][0m [37m-->[39m [37mGET[39m [37m/wd/hub/session/1201014a-1e8d-431c-97d5-e3c485abb6f4/context[39m
[38;5;0m[HTTP][0m {}
[38;5;0m[HTTP][0m <-- GET /wd/hub/session/1201014a-1e8d-431c-97d5-e3c485abb6f4/context 200 2 ms - 22
[38;5;0m[HTTP][0m 
[38;5;0m[HTTP][0m [37m-->[39m [37mGET[39m [37m/wd/hub/session/1201014a-1e8d-431c-97d5-e3c485abb6f4/contexts[39m
[38;5;0m[HTTP][0m {}
[38;5;0m[HTTP][0m <-- GET /wd/hub/session/1201014a-1e8d-431c-97d5-e3c485abb6f4/contexts 200 266 ms - 24
[38;5;0m[HTTP][0m 
[38;5;0m[HTTP][0m [37m-->[39m [37mPOST[39m [37m/wd/hub/session/1201014a-1e8d-431c-97d5-e3c485abb6f4/context[39m
[38;5;0m[HTTP][0m {"name":"NATIVE_APP"}
[38;5;0m[HTTP][0m <-- POST /wd/hub/session/1201014a-1e8d-431c-97d5-e3c485abb6f4/context 200 2 ms - 14
[38;5;0m[HTTP][0m 
[38;5;0m[HTTP][0m [37m-->[39m [37mPOST[39m [37m/wd/hub/session/1201014a-1e8d-431c-97d5-e3c485abb6f4/appium/device/press_keycode[39m
[38;5;0m[HTTP][0m {"keycode":4}
[38;5;0m[HTTP][0m <-- POST /wd/hub/session/1201014a-1e8d-431c-97d5-e3c485abb6f4/appium/device/press_keycode 200 88 ms - 14
[38;5;0m[HTTP][0m 
[38;5;0m[HTTP][0m [37m-->[39m [37mPOST[39m [37m/wd/hub/session/1201014a-1e8d-431c-97d5-e3c485abb6f4/context[39m
[38;5;0m[HTTP][0m {"name":"NATIVE_APP"}
[38;5;0m[HTTP][0m <-- POST /wd/hub/session/1201014a-1e8d-431c-97d5-e3c485abb6f4/context 200 1 ms - 14
[38;5;0m[HTTP][0m 
[38;5;0m[HTTP][0m [37m-->[39m [37mGET[39m [37m/wd/hub/session/1201014a-1e8d-431c-97d5-e3c485abb6f4/source[39m
[38;5;0m[HTTP][0m {}
[38;5;48m[AndroidUiautomator2Driver@dfeb (1201014a)][0m Driver proxy active, passing request on via HTTP proxy
[38;5;48m[AndroidUiautomator2Driver@dfeb (1201014a)][0m Replacing sessionId f3d4c676-f017-49c5-bf46-98df89af9907 with 1201014a-1e8d-431c-97d5-e3c485abb6f4
[38;5;0m[HTTP][0m <-- GET /wd/hub/session/1201014a-1e8d-431c-97d5-e3c485abb6f4/source 200 43 ms - 11807
[38;5;0m[HTTP][0m 
[38;5;0m[HTTP][0m [37m-->[39m [37mGET[39m [37m/wd/hub/session/1201014a-1e8d-431c-97d5-e3c485abb6f4/screenshot[39m
[38;5;0m[HTTP][0m {}
[38;5;0m[HTTP][0m <-- GET /wd/hub/session/1201014a-1e8d-431c-97d5-e3c485abb6f4/screenshot 200 325 ms - 631416
[38;5;0m[HTTP][0m 
[38;5;0m[HTTP][0m [37m-->[39m [37mPOST[39m [37m/wd/hub/session/1201014a-1e8d-431c-97d5-e3c485abb6f4/elements[39m
[38;5;0m[HTTP][0m {"using":"xpath","value":"//*[@class = 'android.widget.Spinner' and @resource-id = 'com.androidsample.generalstore:id/spinnerCountry' and (@text = '' or . = '')]"}
[38;5;0m[HTTP][0m <-- POST /wd/hub/session/1201014a-1e8d-431c-97d5-e3c485abb6f4/elements 200 345 ms - 139
[38;5;0m[HTTP][0m 
[38;5;0m[HTTP][0m [37m-->[39m [37mGET[39m [37m/wd/hub/session/1201014a-1e8d-431c-97d5-e3c485abb6f4/window/rect[39m
[38;5;0m[HTTP][0m {}
[38;5;0m[HTTP][0m <-- GET /wd/hub/session/1201014a-1e8d-431c-97d5-e3c485abb6f4/window/rect 200 7 ms - 50
[38;5;0m[HTTP][0m 
[38;5;0m[HTTP][0m [37m-->[39m [37mPOST[39m [37m/wd/hub/session/1201014a-1e8d-431c-97d5-e3c485abb6f4/elements[39m
[38;5;0m[HTTP][0m {"using":"xpath","value":"//*[@class = 'android.widget.Spinner' and @resource-id = 'com.androidsample.generalstore:id/spinnerCountry' and (@text = '' or . = '')]"}
[38;5;0m[HTTP][0m <-- POST /wd/hub/session/1201014a-1e8d-431c-97d5-e3c485abb6f4/elements 200 44 ms - 139
[38;5;0m[HTTP][0m 
[38;5;0m[HTTP][0m [37m-->[39m [37mGET[39m [37m/wd/hub/session/1201014a-1e8d-431c-97d5-e3c485abb6f4/element/00000000-0000-00db-ffff-ffff0000001a/location[39m
[38;5;0m[HTTP][0m {}
[38;5;48m[AndroidUiautomator2Driver@dfeb (1201014a)][0m Driver proxy active, passing request on via HTTP proxy
[38;5;48m[AndroidUiautomator2Driver@dfeb (1201014a)][0m Replacing sessionId f3d4c676-f017-49c5-bf46-98df89af9907 with 1201014a-1e8d-431c-97d5-e3c485abb6f4
[38;5;0m[HTTP][0m <-- GET /wd/hub/session/1201014a-1e8d-431c-97d5-e3c485abb6f4/element/00000000-0000-00db-ffff-ffff0000001a/location 200 6 ms - 78
[38;5;0m[HTTP][0m 
[38;5;0m[HTTP][0m [37m-->[39m [37mPOST[39m [37m/wd/hub/session/1201014a-1e8d-431c-97d5-e3c485abb6f4/element/00000000-0000-00db-ffff-ffff0000001a/click[39m
[38;5;0m[HTTP][0m {"id":"00000000-0000-00db-ffff-ffff0000001a"}
[38;5;0m[HTTP][0m <-- POST /wd/hub/session/1201014a-1e8d-431c-97d5-e3c485abb6f4/element/00000000-0000-00db-ffff-ffff0000001a/click 200 50 ms - 14
[38;5;0m[HTTP][0m 
[38;5;0m[HTTP][0m [37m-->[39m [37mGET[39m [37m/wd/hub/session/1201014a-1e8d-431c-97d5-e3c485abb6f4/source[39m
[38;5;0m[HTTP][0m {}
[38;5;48m[AndroidUiautomator2Driver@dfeb (1201014a)][0m Driver proxy active, passing request on via HTTP proxy
[38;5;48m[AndroidUiautomator2Driver@dfeb (1201014a)][0m Replacing sessionId f3d4c676-f017-49c5-bf46-98df89af9907 with 1201014a-1e8d-431c-97d5-e3c485abb6f4
[38;5;0m[HTTP][0m <-- GET /wd/hub/session/1201014a-1e8d-431c-97d5-e3c485abb6f4/source 200 316 ms - 5330
[38;5;0m[HTTP][0m 
[38;5;0m[HTTP][0m [37m-->[39m [37mGET[39m [37m/wd/hub/session/1201014a-1e8d-431c-97d5-e3c485abb6f4/screenshot[39m
[38;5;0m[HTTP][0m {}
[38;5;0m[HTTP][0m <-- GET /wd/hub/session/1201014a-1e8d-431c-97d5-e3c485abb6f4/screenshot 200 298 ms - 632288
[38;5;0m[HTTP][0m 
[38;5;0m[HTTP][0m [37m-->[39m [37mGET[39m [37m/wd/hub/session/1201014a-1e8d-431c-97d5-e3c485abb6f4/context[39m
[38;5;0m[HTTP][0m {}
[38;5;0m[HTTP][0m <-- GET /wd/hub/session/1201014a-1e8d-431c-97d5-e3c485abb6f4/context 200 1 ms - 22
[38;5;0m[HTTP][0m 
[38;5;0m[HTTP][0m [37m-->[39m [37mGET[39m [37m/wd/hub/session/1201014a-1e8d-431c-97d5-e3c485abb6f4/contexts[39m
[38;5;0m[HTTP][0m {}
[38;5;0m[HTTP][0m <-- GET /wd/hub/session/1201014a-1e8d-431c-97d5-e3c485abb6f4/contexts 200 260 ms - 24
[38;5;0m[HTTP][0m 
[38;5;0m[HTTP][0m [37m-->[39m [37mPOST[39m [37m/wd/hub/session/1201014a-1e8d-431c-97d5-e3c485abb6f4/context[39m
[38;5;0m[HTTP][0m {"name":"NATIVE_APP"}
[38;5;0m[HTTP][0m <-- POST /wd/hub/session/1201014a-1e8d-431c-97d5-e3c485abb6f4/context 200 2 ms - 14
[38;5;0m[HTTP][0m 
[38;5;0m[HTTP][0m [37m-->[39m [37mPOST[39m [37m/wd/hub/session/1201014a-1e8d-431c-97d5-e3c485abb6f4/element[39m
[38;5;0m[HTTP][0m {"using":"-android uiautomator","value":"new UiScrollable(new UiSelector().scrollable(true).instance(0)).scrollIntoView(new UiSelector().textContains(\"Japan\"))"}
[38;5;0m[HTTP][0m <-- POST /wd/hub/session/1201014a-1e8d-431c-97d5-e3c485abb6f4/element 200 28503 ms - 137
[38;5;0m[HTTP][0m 
[38;5;0m[HTTP][0m [37m-->[39m [37mPOST[39m [37m/wd/hub/session/1201014a-1e8d-431c-97d5-e3c485abb6f4/context[39m
[38;5;0m[HTTP][0m {"name":"NATIVE_APP"}
[38;5;0m[HTTP][0m <-- POST /wd/hub/session/1201014a-1e8d-431c-97d5-e3c485abb6f4/context 200 1 ms - 14
[38;5;0m[HTTP][0m 
[38;5;0m[HTTP][0m [37m-->[39m [37mGET[39m [37m/wd/hub/session/1201014a-1e8d-431c-97d5-e3c485abb6f4/source[39m
[38;5;0m[HTTP][0m {}
[38;5;48m[AndroidUiautomator2Driver@dfeb (1201014a)][0m Driver proxy active, passing request on via HTTP proxy
[38;5;48m[AndroidUiautomator2Driver@dfeb (1201014a)][0m Replacing sessionId f3d4c676-f017-49c5-bf46-98df89af9907 with 1201014a-1e8d-431c-97d5-e3c485abb6f4
[38;5;0m[HTTP][0m <-- GET /wd/hub/session/1201014a-1e8d-431c-97d5-e3c485abb6f4/source 200 40 ms - 5720
[38;5;0m[HTTP][0m 
[38;5;0m[HTTP][0m [37m-->[39m [37mGET[39m [37m/wd/hub/session/1201014a-1e8d-431c-97d5-e3c485abb6f4/screenshot[39m
[38;5;0m[HTTP][0m {}
[38;5;0m[HTTP][0m <-- GET /wd/hub/session/1201014a-1e8d-431c-97d5-e3c485abb6f4/screenshot 200 293 ms - 615828
[38;5;0m[HTTP][0m 
[38;5;0m[HTTP][0m [37m-->[39m [37mPOST[39m [37m/wd/hub/session/1201014a-1e8d-431c-97d5-e3c485abb6f4/elements[39m
[38;5;0m[HTTP][0m {"using":"xpath","value":"//*[@class = 'android.widget.TextView' and (@text = 'Japan' or . = 'Japan') and @resource-id = 'android:id/text1']"}
[38;5;0m[HTTP][0m <-- POST /wd/hub/session/1201014a-1e8d-431c-97d5-e3c485abb6f4/elements 200 72 ms - 139
[38;5;0m[HTTP][0m 
[38;5;0m[HTTP][0m [37m-->[39m [37mGET[39m [37m/wd/hub/session/1201014a-1e8d-431c-97d5-e3c485abb6f4/window/rect[39m
[38;5;0m[HTTP][0m {}
[38;5;0m[HTTP][0m <-- GET /wd/hub/session/1201014a-1e8d-431c-97d5-e3c485abb6f4/window/rect 200 5 ms - 50
[38;5;0m[HTTP][0m 
[38;5;0m[HTTP][0m [37m-->[39m [37mPOST[39m [37m/wd/hub/session/1201014a-1e8d-431c-97d5-e3c485abb6f4/elements[39m
[38;5;0m[HTTP][0m {"using":"xpath","value":"//*[@class = 'android.widget.TextView' and (@text = 'Japan' or . = 'Japan') and @resource-id = 'android:id/text1']"}
[38;5;0m[HTTP][0m <-- POST /wd/hub/session/1201014a-1e8d-431c-97d5-e3c485abb6f4/elements 200 37 ms - 139
[38;5;0m[HTTP][0m 
[38;5;0m[HTTP][0m [37m-->[39m [37mGET[39m [37m/wd/hub/session/1201014a-1e8d-431c-97d5-e3c485abb6f4/element/00000000-0000-00dd-ffff-ffff00000034/location[39m
[38;5;0m[HTTP][0m {}
[38;5;48m[AndroidUiautomator2Driver@dfeb (1201014a)][0m Driver proxy active, passing request on via HTTP proxy
[38;5;48m[AndroidUiautomator2Driver@dfeb (1201014a)][0m Replacing sessionId f3d4c676-f017-49c5-bf46-98df89af9907 with 1201014a-1e8d-431c-97d5-e3c485abb6f4
[38;5;0m[HTTP][0m <-- GET /wd/hub/session/1201014a-1e8d-431c-97d5-e3c485abb6f4/element/00000000-0000-00dd-ffff-ffff00000034/location 200 8 ms - 79
[38;5;0m[HTTP][0m 
[38;5;0m[HTTP][0m [37m-->[39m [37mPOST[39m [37m/wd/hub/session/1201014a-1e8d-431c-97d5-e3c485abb6f4/element/00000000-0000-00dd-ffff-ffff00000034/click[39m
[38;5;0m[HTTP][0m {"id":"00000000-0000-00dd-ffff-ffff00000034"}
[38;5;0m[HTTP][0m <-- POST /wd/hub/session/1201014a-1e8d-431c-97d5-e3c485abb6f4/element/00000000-0000-00dd-ffff-ffff00000034/click 200 692 ms - 14
[38;5;0m[HTTP][0m 
[38;5;0m[HTTP][0m [37m-->[39m [37mGET[39m [37m/wd/hub/session/1201014a-1e8d-431c-97d5-e3c485abb6f4/source[39m
[38;5;0m[HTTP][0m {}
[38;5;48m[AndroidUiautomator2Driver@dfeb (1201014a)][0m Driver proxy active, passing request on via HTTP proxy
[38;5;48m[AndroidUiautomator2Driver@dfeb (1201014a)][0m Replacing sessionId f3d4c676-f017-49c5-bf46-98df89af9907 with 1201014a-1e8d-431c-97d5-e3c485abb6f4
[38;5;0m[HTTP][0m <-- GET /wd/hub/session/1201014a-1e8d-431c-97d5-e3c485abb6f4/source 200 61 ms - 11494
[38;5;0m[HTTP][0m 
[38;5;0m[HTTP][0m [37m-->[39m [37mGET[39m [37m/wd/hub/session/1201014a-1e8d-431c-97d5-e3c485abb6f4/screenshot[39m
[38;5;0m[HTTP][0m {}
[38;5;0m[HTTP][0m <-- GET /wd/hub/session/1201014a-1e8d-431c-97d5-e3c485abb6f4/screenshot 200 285 ms - 609876
[38;5;0m[HTTP][0m 
[38;5;0m[HTTP][0m [37m-->[39m [37mPOST[39m [37m/wd/hub/session/1201014a-1e8d-431c-97d5-e3c485abb6f4/elements[39m
[38;5;0m[HTTP][0m {"using":"xpath","value":"//*[@class = 'android.widget.EditText' and (@text = 'Enter name here' or . = 'Enter name here') and @resource-id = 'com.androidsample.generalstore:id/nameField']"}
[38;5;0m[HTTP][0m <-- POST /wd/hub/session/1201014a-1e8d-431c-97d5-e3c485abb6f4/elements 200 84 ms - 139
[38;5;0m[HTTP][0m 
[38;5;0m[HTTP][0m [37m-->[39m [37mGET[39m [37m/wd/hub/session/1201014a-1e8d-431c-97d5-e3c485abb6f4/window/rect[39m
[38;5;0m[HTTP][0m {}
[38;5;0m[HTTP][0m <-- GET /wd/hub/session/1201014a-1e8d-431c-97d5-e3c485abb6f4/window/rect 200 15 ms - 50
[38;5;0m[HTTP][0m 
[38;5;0m[HTTP][0m [37m-->[39m [37mPOST[39m [37m/wd/hub/session/1201014a-1e8d-431c-97d5-e3c485abb6f4/elements[39m
[38;5;0m[HTTP][0m {"using":"xpath","value":"//*[@class = 'android.widget.EditText' and (@text = 'Enter name here' or . = 'Enter name here') and @resource-id = 'com.androidsample.generalstore:id/nameField']"}
[38;5;0m[HTTP][0m <-- POST /wd/hub/session/1201014a-1e8d-431c-97d5-e3c485abb6f4/elements 200 74 ms - 139
[38;5;0m[HTTP][0m 
[38;5;0m[HTTP][0m [37m-->[39m [37mGET[39m [37m/wd/hub/session/1201014a-1e8d-431c-97d5-e3c485abb6f4/element/00000000-0000-00db-ffff-ffff0000001c/location[39m
[38;5;0m[HTTP][0m {}
[38;5;48m[AndroidUiautomator2Driver@dfeb (1201014a)][0m Driver proxy active, passing request on via HTTP proxy
[38;5;48m[AndroidUiautomator2Driver@dfeb (1201014a)][0m Replacing sessionId f3d4c676-f017-49c5-bf46-98df89af9907 with 1201014a-1e8d-431c-97d5-e3c485abb6f4
[38;5;0m[HTTP][0m <-- GET /wd/hub/session/1201014a-1e8d-431c-97d5-e3c485abb6f4/element/00000000-0000-00db-ffff-ffff0000001c/location 200 6 ms - 78
[38;5;0m[HTTP][0m 
[38;5;0m[HTTP][0m [37m-->[39m [37mPOST[39m [37m/wd/hub/session/1201014a-1e8d-431c-97d5-e3c485abb6f4/element/00000000-0000-00db-ffff-ffff0000001c/value[39m
[38;5;0m[HTTP][0m {"id":"00000000-0000-00db-ffff-ffff0000001c","text":"Joshua","value":["J","o","s","h","u","a"]}
[38;5;0m[HTTP][0m <-- POST /wd/hub/session/1201014a-1e8d-431c-97d5-e3c485abb6f4/element/00000000-0000-00db-ffff-ffff0000001c/value 200 572 ms - 14
[38;5;0m[HTTP][0m 
[38;5;0m[HTTP][0m [37m-->[39m [37mGET[39m [37m/wd/hub/session/1201014a-1e8d-431c-97d5-e3c485abb6f4/source[39m
[38;5;0m[HTTP][0m {}
[38;5;48m[AndroidUiautomator2Driver@dfeb (1201014a)][0m Driver proxy active, passing request on via HTTP proxy
[38;5;48m[AndroidUiautomator2Driver@dfeb (1201014a)][0m Replacing sessionId f3d4c676-f017-49c5-bf46-98df89af9907 with 1201014a-1e8d-431c-97d5-e3c485abb6f4
[38;5;0m[HTTP][0m <-- GET /wd/hub/session/1201014a-1e8d-431c-97d5-e3c485abb6f4/source 200 64 ms - 11485
[38;5;0m[HTTP][0m 
[38;5;0m[HTTP][0m [37m-->[39m [37mGET[39m [37m/wd/hub/session/1201014a-1e8d-431c-97d5-e3c485abb6f4/screenshot[39m
[38;5;0m[HTTP][0m {}
[38;5;0m[HTTP][0m <-- GET /wd/hub/session/1201014a-1e8d-431c-97d5-e3c485abb6f4/screenshot 200 285 ms - 610096
[38;5;0m[HTTP][0m 
[38;5;0m[HTTP][0m [37m-->[39m [37mPOST[39m [37m/wd/hub/session/1201014a-1e8d-431c-97d5-e3c485abb6f4/elements[39m
[38;5;0m[HTTP][0m {"using":"xpath","value":"//*[@class = 'android.widget.Button' and (@text = concat(\"Let\" , \"'\" , \"s  Shop\") or . = concat(\"Let\" , \"'\" , \"s  Shop\")) and @resource-id = 'com.androidsample.generalstore:id/btnLetsShop']"}
[38;5;0m[HTTP][0m <-- POST /wd/hub/session/1201014a-1e8d-431c-97d5-e3c485abb6f4/elements 200 87 ms - 139
[38;5;0m[HTTP][0m 
[38;5;0m[HTTP][0m [37m-->[39m [37mGET[39m [37m/wd/hub/session/1201014a-1e8d-431c-97d5-e3c485abb6f4/window/rect[39m
[38;5;0m[HTTP][0m {}
[38;5;0m[HTTP][0m <-- GET /wd/hub/session/1201014a-1e8d-431c-97d5-e3c485abb6f4/window/rect 200 4 ms - 50
[38;5;0m[HTTP][0m 
[38;5;0m[HTTP][0m [37m-->[39m [37mPOST[39m [37m/wd/hub/session/1201014a-1e8d-431c-97d5-e3c485abb6f4/elements[39m
[38;5;0m[HTTP][0m {"using":"xpath","value":"//*[@class = 'android.widget.Button' and (@text = concat(\"Let\" , \"'\" , \"s  Shop\") or . = concat(\"Let\" , \"'\" , \"s  Shop\")) and @resource-id = 'com.androidsample.generalstore:id/btnLetsShop']"}
[38;5;0m[HTTP][0m <-- POST /wd/hub/session/1201014a-1e8d-431c-97d5-e3c485abb6f4/elements 200 51 ms - 139
[38;5;0m[HTTP][0m 
[38;5;0m[HTTP][0m [37m-->[39m [37mGET[39m [37m/wd/hub/session/1201014a-1e8d-431c-97d5-e3c485abb6f4/element/00000000-0000-00db-ffff-ffff00000021/location[39m
[38;5;0m[HTTP][0m {}
[38;5;48m[AndroidUiautomator2Driver@dfeb (1201014a)][0m Driver proxy active, passing request on via HTTP proxy
[38;5;48m[AndroidUiautomator2Driver@dfeb (1201014a)][0m Replacing sessionId f3d4c676-f017-49c5-bf46-98df89af9907 with 1201014a-1e8d-431c-97d5-e3c485abb6f4
[38;5;0m[HTTP][0m <-- GET /wd/hub/session/1201014a-1e8d-431c-97d5-e3c485abb6f4/element/00000000-0000-00db-ffff-ffff00000021/location 200 5 ms - 79
[38;5;0m[HTTP][0m 
[38;5;0m[HTTP][0m [37m-->[39m [37mPOST[39m [37m/wd/hub/session/1201014a-1e8d-431c-97d5-e3c485abb6f4/element/00000000-0000-00db-ffff-ffff00000021/click[39m
[38;5;0m[HTTP][0m {"id":"00000000-0000-00db-ffff-ffff00000021"}
[38;5;0m[HTTP][0m <-- POST /wd/hub/session/1201014a-1e8d-431c-97d5-e3c485abb6f4/element/00000000-0000-00db-ffff-ffff00000021/click 200 43 ms - 14
[38;5;0m[HTTP][0m 
[38;5;0m[HTTP][0m [37m-->[39m [37mGET[39m [37m/wd/hub/session/1201014a-1e8d-431c-97d5-e3c485abb6f4/source[39m
[38;5;0m[HTTP][0m {}
[38;5;48m[AndroidUiautomator2Driver@dfeb (1201014a)][0m Driver proxy active, passing request on via HTTP proxy
[38;5;48m[AndroidUiautomator2Driver@dfeb (1201014a)][0m Replacing sessionId f3d4c676-f017-49c5-bf46-98df89af9907 with 1201014a-1e8d-431c-97d5-e3c485abb6f4
[38;5;0m[HTTP][0m <-- GET /wd/hub/session/1201014a-1e8d-431c-97d5-e3c485abb6f4/source 200 846 ms - 17686
[38;5;0m[HTTP][0m 
[38;5;0m[HTTP][0m [37m-->[39m [37mGET[39m [37m/wd/hub/session/1201014a-1e8d-431c-97d5-e3c485abb6f4/screenshot[39m
[38;5;0m[HTTP][0m {}
[38;5;0m[HTTP][0m <-- GET /wd/hub/session/1201014a-1e8d-431c-97d5-e3c485abb6f4/screenshot 200 157 ms - 331556
[38;5;0m[HTTP][0m 
[38;5;0m[HTTP][0m [37m-->[39m [37mDELETE[39m [37m/wd/hub/session/1201014a-1e8d-431c-97d5-e3c485abb6f4[39m
[38;5;0m[HTTP][0m {}
[38;5;16m[AppiumDriver@5c4f][0m Removing session 1201014a-1e8d-431c-97d5-e3c485abb6f4 from our master session list
[38;5;48m[AndroidUiautomator2Driver@dfeb (1201014a)][0m Restoring hidden api policy to the device default configuration
[38;5;0m[HTTP][0m <-- DELETE /wd/hub/session/1201014a-1e8d-431c-97d5-e3c485abb6f4 200 134 ms - 14
[38;5;0m[HTTP][0m 
[Appium] Received SIGTERM - shutting down
[38;5;0m[HTTP][0m Waiting until the server is closed
[38;5;0m[HTTP][0m Received server close event
